<?xml version="1.0" encoding="UTF-8"?>
<coverage generated="1780637811286" clover="3.2.0">
  <project timestamp="1780637811286" name="All files">
    <metrics statements="71" coveredstatements="71" conditionals="66" coveredconditionals="54" methods="21" coveredmethods="20" elements="158" coveredelements="145" complexity="0" loc="71" ncloc="71" packages="5" files="9" classes="9"/>
    <package name="components">
      <metrics statements="16" coveredstatements="16" conditionals="17" coveredconditionals="17" methods="5" coveredmethods="5"/>
      <file name="AIInsightCard.tsx" path="C:\Users\eunic\OneDrive\Desktop\nest-projects\quote-iq\frontend\src\components\AIInsightCard.tsx">
        <metrics statements="16" coveredstatements="16" conditionals="17" coveredconditionals="17" methods="5" coveredmethods="5"/>
        <line num="12" count="2" type="stmt"/>
        <line num="23" count="32" type="stmt"/>
        <line num="25" count="32" type="stmt"/>
        <line num="30" count="32" type="cond" truecount="2" falsecount="0"/>
        <line num="32" count="31" type="stmt"/>
        <line num="33" count="8" type="stmt"/>
        <line num="36" count="31" type="cond" truecount="2" falsecount="0"/>
        <line num="37" count="8" type="stmt"/>
        <line num="52" count="23" type="cond" truecount="5" falsecount="0"/>
        <line num="53" count="17" type="stmt"/>
        <line num="77" count="6" type="stmt"/>
        <line num="78" count="6" type="stmt"/>
        <line num="80" count="6" type="stmt"/>
        <line num="107" count="12" type="stmt"/>
        <line num="121" count="6" type="stmt"/>
        <line num="123" count="6" type="stmt"/>
      </file>
    </package>
    <package name="context">
      <metrics statements="1" coveredstatements="1" conditionals="0" coveredconditionals="0" methods="1" coveredmethods="0"/>
      <file name="auth-context.ts" path="C:\Users\eunic\OneDrive\Desktop\nest-projects\quote-iq\frontend\src\context\auth-context.ts">
        <metrics statements="1" coveredstatements="1" conditionals="0" coveredconditionals="0" methods="1" coveredmethods="0"/>
        <line num="17" count="4" type="stmt"/>
      </file>
    </package>
    <package name="graphql">
      <metrics statements="8" coveredstatements="8" conditionals="0" coveredconditionals="0" methods="0" coveredmethods="0"/>
      <file name="mutations.ts" path="C:\Users\eunic\OneDrive\Desktop\nest-projects\quote-iq\frontend\src\graphql\mutations.ts">
        <metrics statements="3" coveredstatements="3" conditionals="0" coveredconditionals="0" methods="0" coveredmethods="0"/>
        <line num="3" count="3" type="stmt"/>
        <line num="14" count="3" type="stmt"/>
        <line num="20" count="3" type="stmt"/>
      </file>
      <file name="queries.ts" path="C:\Users\eunic\OneDrive\Desktop\nest-projects\quote-iq\frontend\src\graphql\queries.ts">
        <metrics statements="5" coveredstatements="5" conditionals="0" coveredconditionals="0" methods="0" coveredmethods="0"/>
        <line num="3" count="3" type="stmt"/>
        <line num="17" count="3" type="stmt"/>
        <line num="34" count="3" type="stmt"/>
        <line num="49" count="3" type="stmt"/>
        <line num="90" count="3" type="stmt"/>
      </file>
    </package>
    <package name="hooks">
      <metrics statements="1" coveredstatements="1" conditionals="0" coveredconditionals="0" methods="1" coveredmethods="1"/>
      <file name="useAuth.ts" path="C:\Users\eunic\OneDrive\Desktop\nest-projects\quote-iq\frontend\src\hooks\useAuth.ts">
        <metrics statements="1" coveredstatements="1" conditionals="0" coveredconditionals="0" methods="1" coveredmethods="1"/>
        <line num="4" count="58" type="stmt"/>
      </file>
    </package>
    <package name="pages">
      <metrics statements="45" coveredstatements="45" conditionals="49" coveredconditionals="37" methods="14" coveredmethods="14"/>
      <file name="DashboardPage.tsx" path="C:\Users\eunic\OneDrive\Desktop\nest-projects\quote-iq\frontend\src\pages\DashboardPage.tsx">
        <metrics statements="9" coveredstatements="9" conditionals="18" coveredconditionals="12" methods="2" coveredmethods="2"/>
        <line num="22" count="18" type="stmt"/>
        <line num="32" count="9" type="stmt"/>
        <line num="33" count="9" type="stmt"/>
        <line num="38" count="9" type="cond" truecount="2" falsecount="0"/>
        <line num="39" count="5" type="stmt"/>
        <line num="45" count="4" type="cond" truecount="2" falsecount="0"/>
        <line num="46" count="4" type="stmt"/>
        <line num="52" count="3" type="stmt"/>
        <line num="54" count="9" type="stmt"/>
      </file>
      <file name="LoginPage.tsx" path="C:\Users\eunic\OneDrive\Desktop\nest-projects\quote-iq\frontend\src\pages\LoginPage.tsx">
        <metrics statements="15" coveredstatements="15" conditionals="6" coveredconditionals="6" methods="6" coveredmethods="6"/>
        <line num="16" count="17" type="stmt"/>
        <line num="17" count="17" type="stmt"/>
        <line num="18" count="17" type="stmt"/>
        <line num="19" count="17" type="stmt"/>
        <line num="20" count="17" type="stmt"/>
        <line num="22" count="17" type="stmt"/>
        <line num="24" count="2" type="stmt"/>
        <line num="27" count="1" type="stmt"/>
        <line num="31" count="17" type="stmt"/>
        <line num="32" count="3" type="stmt"/>
        <line num="33" count="3" type="stmt"/>
        <line num="34" count="3" type="stmt"/>
        <line num="37" count="17" type="stmt"/>
        <line num="53" count="3" type="stmt"/>
        <line num="67" count="3" type="stmt"/>
      </file>
      <file name="QuotationDetailPage.tsx" path="C:\Users\eunic\OneDrive\Desktop\nest-projects\quote-iq\frontend\src\pages\QuotationDetailPage.tsx">
        <metrics statements="11" coveredstatements="11" conditionals="15" coveredconditionals="11" methods="3" coveredmethods="3"/>
        <line num="40" count="1" type="stmt"/>
        <line num="54" count="17" type="stmt"/>
        <line num="59" count="17" type="cond" truecount="2" falsecount="0"/>
        <line num="60" count="9" type="stmt"/>
        <line num="66" count="8" type="cond" truecount="2" falsecount="0"/>
        <line num="67" count="8" type="stmt"/>
        <line num="73" count="7" type="stmt"/>
        <line num="74" count="17" type="cond" truecount="1" falsecount="1"/>
        <line num="76" count="7" type="stmt"/>
        <line num="123" count="7" type="stmt"/>
        <line num="125" count="14" type="stmt"/>
      </file>
      <file name="QuotationsPage.tsx" path="C:\Users\eunic\OneDrive\Desktop\nest-projects\quote-iq\frontend\src\pages\QuotationsPage.tsx">
        <metrics statements="10" coveredstatements="10" conditionals="10" coveredconditionals="8" methods="3" coveredmethods="3"/>
        <line num="19" count="1" type="stmt"/>
        <line num="28" count="17" type="stmt"/>
        <line num="32" count="17" type="cond" truecount="2" falsecount="0"/>
        <line num="33" count="9" type="stmt"/>
        <line num="39" count="8" type="cond" truecount="2" falsecount="0"/>
        <line num="40" count="8" type="stmt"/>
        <line num="46" count="7" type="cond" truecount="1" falsecount="1"/>
        <line num="48" count="17" type="stmt"/>
        <line num="86" count="12" type="stmt"/>
        <line num="88" count="1" type="stmt"/>
      </file>
    </package>
  </project>
</coverage>
