{"C:\\Users\\eunic\\OneDrive\\Desktop\\nest-projects\\quote-iq\\frontend\\src\\components\\AIInsightCard.tsx": {"path":"C:\\Users\\eunic\\OneDrive\\Desktop\\nest-projects\\quote-iq\\frontend\\src\\components\\AIInsightCard.tsx","statementMap":{"0":{"start":{"line":12,"column":30},"end":{"line":16,"column":null}},"1":{"start":{"line":23,"column":10},"end":{"line":23,"column":28}},"2":{"start":{"line":25,"column":50},"end":{"line":27,"column":32}},"3":{"start":{"line":30,"column":2},"end":{"line":30,"column":null}},"4":{"start":{"line":30,"column":34},"end":{"line":30,"column":null}},"5":{"start":{"line":32,"column":8},"end":{"line":33,"column":null}},"6":{"start":{"line":33,"column":4},"end":{"line":33,"column":null}},"7":{"start":{"line":36,"column":2},"end":{"line":46,"column":null}},"8":{"start":{"line":37,"column":4},"end":{"line":46,"column":null}},"9":{"start":{"line":52,"column":2},"end":{"line":70,"column":null}},"10":{"start":{"line":53,"column":4},"end":{"line":70,"column":null}},"11":{"start":{"line":77,"column":4},"end":{"line":77,"column":null}},"12":{"start":{"line":78,"column":16},"end":{"line":78,"column":null}},"13":{"start":{"line":80,"column":2},"end":{"line":132,"column":null}},"14":{"start":{"line":107,"column":14},"end":{"line":110,"column":null}},"15":{"start":{"line":121,"column":29},"end":{"line":121,"column":37}},"16":{"start":{"line":123,"column":16},"end":{"line":126,"column":null}}},"fnMap":{"0":{"name":"AIInsightCard","decl":{"start":{"line":22,"column":24},"end":{"line":22,"column":38}},"loc":{"start":{"line":22,"column":72},"end":{"line":132,"column":null}},"line":22},"1":{"name":"(anonymous_1)","decl":{"start":{"line":32,"column":8},"end":{"line":32,"column":31}},"loc":{"start":{"line":32,"column":31},"end":{"line":33,"column":null}},"line":32},"2":{"name":"(anonymous_2)","decl":{"start":{"line":106,"column":23},"end":{"line":106,"column":28}},"loc":{"start":{"line":107,"column":14},"end":{"line":110,"column":null}},"line":107},"3":{"name":"(anonymous_3)","decl":{"start":{"line":121,"column":15},"end":{"line":121,"column":23}},"loc":{"start":{"line":121,"column":29},"end":{"line":121,"column":37}},"line":121},"4":{"name":"(anonymous_4)","decl":{"start":{"line":122,"column":15},"end":{"line":122,"column":20}},"loc":{"start":{"line":123,"column":16},"end":{"line":126,"column":null}},"line":123}},"branchMap":{"0":{"loc":{"start":{"line":30,"column":2},"end":{"line":30,"column":null}},"type":"if","locations":[{"start":{"line":30,"column":2},"end":{"line":30,"column":null}},{"start":{},"end":{}}],"line":30},"1":{"loc":{"start":{"line":36,"column":2},"end":{"line":46,"column":null}},"type":"if","locations":[{"start":{"line":36,"column":2},"end":{"line":46,"column":null}},{"start":{},"end":{}}],"line":36},"2":{"loc":{"start":{"line":52,"column":2},"end":{"line":70,"column":null}},"type":"if","locations":[{"start":{"line":52,"column":2},"end":{"line":70,"column":null}},{"start":{},"end":{}}],"line":52},"3":{"loc":{"start":{"line":52,"column":6},"end":{"line":52,"column":33}},"type":"binary-expr","locations":[{"start":{"line":52,"column":6},"end":{"line":52,"column":17}},{"start":{"line":52,"column":17},"end":{"line":52,"column":26}},{"start":{"line":52,"column":26},"end":{"line":52,"column":33}}],"line":52},"4":{"loc":{"start":{"line":65,"column":11},"end":{"line":65,"column":null}},"type":"cond-expr","locations":[{"start":{"line":65,"column":19},"end":{"line":65,"column":29}},{"start":{"line":65,"column":29},"end":{"line":65,"column":null}}],"line":65},"5":{"loc":{"start":{"line":67,"column":9},"end":{"line":70,"column":null}},"type":"binary-expr","locations":[{"start":{"line":67,"column":9},"end":{"line":67,"column":null}},{"start":{"line":68,"column":10},"end":{"line":70,"column":null}}],"line":67},"6":{"loc":{"start":{"line":102,"column":7},"end":{"line":112,"column":null}},"type":"binary-expr","locations":[{"start":{"line":102,"column":7},"end":{"line":102,"column":null}},{"start":{"line":103,"column":8},"end":{"line":112,"column":null}}],"line":102},"7":{"loc":{"start":{"line":116,"column":7},"end":{"line":129,"column":null}},"type":"binary-expr","locations":[{"start":{"line":116,"column":7},"end":{"line":116,"column":null}},{"start":{"line":117,"column":8},"end":{"line":129,"column":null}}],"line":116}},"s":{"0":2,"1":32,"2":32,"3":32,"4":1,"5":31,"6":8,"7":31,"8":8,"9":23,"10":17,"11":6,"12":6,"13":6,"14":12,"15":6,"16":6},"f":{"0":32,"1":8,"2":12,"3":6,"4":6},"b":{"0":[1,31],"1":[8,23],"2":[17,6],"3":[23,7,6],"4":[1,16],"5":[17,1],"6":[6,6],"7":[32,6]},"meta":{"lastBranch":8,"lastFunction":5,"lastStatement":17,"seen":{"s:12:30:16:Infinity":0,"f:22:24:22:38":0,"s:23:10:23:28":1,"s:25:50:27:32":2,"b:30:2:30:Infinity:undefined:undefined:undefined:undefined":0,"s:30:2:30:Infinity":3,"s:30:34:30:Infinity":4,"s:32:8:33:Infinity":5,"f:32:8:32:31":1,"s:33:4:33:Infinity":6,"b:36:2:46:Infinity:undefined:undefined:undefined:undefined":1,"s:36:2:46:Infinity":7,"s:37:4:46:Infinity":8,"b:52:2:70:Infinity:undefined:undefined:undefined:undefined":2,"s:52:2:70:Infinity":9,"b:52:6:52:17:52:17:52:26:52:26:52:33":3,"s:53:4:70:Infinity":10,"b:65:19:65:29:65:29:65:Infinity":4,"b:67:9:67:Infinity:68:10:70:Infinity":5,"s:77:4:77:Infinity":11,"s:78:16:78:Infinity":12,"s:80:2:132:Infinity":13,"b:102:7:102:Infinity:103:8:112:Infinity":6,"f:106:23:106:28":2,"s:107:14:110:Infinity":14,"b:116:7:116:Infinity:117:8:129:Infinity":7,"f:121:15:121:23":3,"s:121:29:121:37":15,"f:122:15:122:20":4,"s:123:16:126:Infinity":16}}}
,"C:\\Users\\eunic\\OneDrive\\Desktop\\nest-projects\\quote-iq\\frontend\\src\\context\\auth-context.ts": {"path":"C:\\Users\\eunic\\OneDrive\\Desktop\\nest-projects\\quote-iq\\frontend\\src\\context\\auth-context.ts","statementMap":{"0":{"start":{"line":17,"column":13},"end":{"line":20,"column":2}}},"fnMap":{"0":{"name":"(anonymous_0)","decl":{"start":{"line":19,"column":2},"end":{"line":19,"column":17}},"loc":{"start":{"line":19,"column":17},"end":{"line":19,"column":null}},"line":19}},"branchMap":{},"s":{"0":4},"f":{"0":0},"b":{},"meta":{"lastBranch":0,"lastFunction":1,"lastStatement":1,"seen":{"s:17:13:20:2":0,"f:19:2:19:17":0}}}
,"C:\\Users\\eunic\\OneDrive\\Desktop\\nest-projects\\quote-iq\\frontend\\src\\graphql\\mutations.ts": {"path":"C:\\Users\\eunic\\OneDrive\\Desktop\\nest-projects\\quote-iq\\frontend\\src\\graphql\\mutations.ts","statementMap":{"0":{"start":{"line":3,"column":30},"end":{"line":3,"column":null}},"1":{"start":{"line":14,"column":31},"end":{"line":14,"column":null}},"2":{"start":{"line":20,"column":42},"end":{"line":20,"column":null}}},"fnMap":{},"branchMap":{},"s":{"0":3,"1":3,"2":3},"f":{},"b":{},"meta":{"lastBranch":0,"lastFunction":0,"lastStatement":3,"seen":{"s:3:30:3:Infinity":0,"s:14:31:14:Infinity":1,"s:20:42:20:Infinity":2}}}
,"C:\\Users\\eunic\\OneDrive\\Desktop\\nest-projects\\quote-iq\\frontend\\src\\graphql\\queries.ts": {"path":"C:\\Users\\eunic\\OneDrive\\Desktop\\nest-projects\\quote-iq\\frontend\\src\\graphql\\queries.ts","statementMap":{"0":{"start":{"line":3,"column":37},"end":{"line":3,"column":null}},"1":{"start":{"line":17,"column":32},"end":{"line":17,"column":null}},"2":{"start":{"line":34,"column":29},"end":{"line":34,"column":null}},"3":{"start":{"line":49,"column":31},"end":{"line":49,"column":null}},"4":{"start":{"line":90,"column":24},"end":{"line":90,"column":null}}},"fnMap":{},"branchMap":{},"s":{"0":3,"1":3,"2":3,"3":3,"4":3},"f":{},"b":{},"meta":{"lastBranch":0,"lastFunction":0,"lastStatement":5,"seen":{"s:3:37:3:Infinity":0,"s:17:32:17:Infinity":1,"s:34:29:34:Infinity":2,"s:49:31:49:Infinity":3,"s:90:24:90:Infinity":4}}}
,"C:\\Users\\eunic\\OneDrive\\Desktop\\nest-projects\\quote-iq\\frontend\\src\\hooks\\useAuth.ts": {"path":"C:\\Users\\eunic\\OneDrive\\Desktop\\nest-projects\\quote-iq\\frontend\\src\\hooks\\useAuth.ts","statementMap":{"0":{"start":{"line":4,"column":13},"end":{"line":4,"column":52}}},"fnMap":{"0":{"name":"(anonymous_0)","decl":{"start":{"line":4,"column":13},"end":{"line":4,"column":29}},"loc":{"start":{"line":4,"column":13},"end":{"line":4,"column":52}},"line":4}},"branchMap":{},"s":{"0":58},"f":{"0":58},"b":{},"meta":{"lastBranch":0,"lastFunction":1,"lastStatement":1,"seen":{"s:4:13:4:52":0,"f:4:13:4:29":0}}}
,"C:\\Users\\eunic\\OneDrive\\Desktop\\nest-projects\\quote-iq\\frontend\\src\\pages\\DashboardPage.tsx": {"path":"C:\\Users\\eunic\\OneDrive\\Desktop\\nest-projects\\quote-iq\\frontend\\src\\pages\\DashboardPage.tsx","statementMap":{"0":{"start":{"line":22,"column":2},"end":{"line":26,"column":null}},"1":{"start":{"line":32,"column":10},"end":{"line":32,"column":28}},"2":{"start":{"line":33,"column":25},"end":{"line":35,"column":null}},"3":{"start":{"line":38,"column":2},"end":{"line":42,"column":null}},"4":{"start":{"line":39,"column":4},"end":{"line":42,"column":null}},"5":{"start":{"line":45,"column":2},"end":{"line":49,"column":null}},"6":{"start":{"line":46,"column":4},"end":{"line":49,"column":null}},"7":{"start":{"line":52,"column":16},"end":{"line":52,"column":null}},"8":{"start":{"line":54,"column":2},"end":{"line":87,"column":null}}},"fnMap":{"0":{"name":"StatCard","decl":{"start":{"line":21,"column":9},"end":{"line":21,"column":18}},"loc":{"start":{"line":21,"column":66},"end":{"line":26,"column":null}},"line":21},"1":{"name":"DashboardPage","decl":{"start":{"line":31,"column":24},"end":{"line":31,"column":40}},"loc":{"start":{"line":31,"column":40},"end":{"line":87,"column":null}},"line":31}},"branchMap":{"0":{"loc":{"start":{"line":26,"column":7},"end":{"line":26,"column":null}},"type":"binary-expr","locations":[{"start":{"line":26,"column":7},"end":{"line":26,"column":14}},{"start":{"line":26,"column":14},"end":{"line":26,"column":null}}],"line":26},"1":{"loc":{"start":{"line":38,"column":2},"end":{"line":42,"column":null}},"type":"if","locations":[{"start":{"line":38,"column":2},"end":{"line":42,"column":null}},{"start":{},"end":{}}],"line":38},"2":{"loc":{"start":{"line":45,"column":2},"end":{"line":49,"column":null}},"type":"if","locations":[{"start":{"line":45,"column":2},"end":{"line":49,"column":null}},{"start":{},"end":{}}],"line":45},"3":{"loc":{"start":{"line":61,"column":17},"end":{"line":61,"column":null}},"type":"binary-expr","locations":[{"start":{"line":61,"column":17},"end":{"line":61,"column":43}},{"start":{"line":61,"column":43},"end":{"line":61,"column":null}}],"line":61},"4":{"loc":{"start":{"line":65,"column":17},"end":{"line":65,"column":null}},"type":"binary-expr","locations":[{"start":{"line":65,"column":17},"end":{"line":65,"column":37}},{"start":{"line":65,"column":37},"end":{"line":65,"column":null}}],"line":65},"5":{"loc":{"start":{"line":68,"column":42},"end":{"line":68,"column":71}},"type":"binary-expr","locations":[{"start":{"line":68,"column":42},"end":{"line":68,"column":66}},{"start":{"line":68,"column":66},"end":{"line":68,"column":71}}],"line":68},"6":{"loc":{"start":{"line":71,"column":20},"end":{"line":71,"column":47}},"type":"binary-expr","locations":[{"start":{"line":71,"column":20},"end":{"line":71,"column":45}},{"start":{"line":71,"column":45},"end":{"line":71,"column":47}}],"line":71},"7":{"loc":{"start":{"line":78,"column":22},"end":{"line":78,"column":54}},"type":"binary-expr","locations":[{"start":{"line":78,"column":22},"end":{"line":78,"column":51}},{"start":{"line":78,"column":51},"end":{"line":78,"column":54}}],"line":78},"8":{"loc":{"start":{"line":83,"column":22},"end":{"line":83,"column":54}},"type":"binary-expr","locations":[{"start":{"line":83,"column":22},"end":{"line":83,"column":51}},{"start":{"line":83,"column":51},"end":{"line":83,"column":54}}],"line":83}},"s":{"0":18,"1":9,"2":9,"3":9,"4":5,"5":4,"6":4,"7":3,"8":9},"f":{"0":18,"1":9},"b":{"0":[18,9],"1":[5,4],"2":[1,3],"3":[9,0],"4":[9,0],"5":[9,0],"6":[9,0],"7":[9,0],"8":[9,0]},"meta":{"lastBranch":9,"lastFunction":2,"lastStatement":9,"seen":{"f:21:9:21:18":0,"s:22:2:26:Infinity":0,"b:26:7:26:14:26:14:26:Infinity":0,"f:31:24:31:40":1,"s:32:10:32:28":1,"s:33:25:35:Infinity":2,"b:38:2:42:Infinity:undefined:undefined:undefined:undefined":1,"s:38:2:42:Infinity":3,"s:39:4:42:Infinity":4,"b:45:2:49:Infinity:undefined:undefined:undefined:undefined":2,"s:45:2:49:Infinity":5,"s:46:4:49:Infinity":6,"s:52:16:52:Infinity":7,"s:54:2:87:Infinity":8,"b:61:17:61:43:61:43:61:Infinity":3,"b:65:17:65:37:65:37:65:Infinity":4,"b:68:42:68:66:68:66:68:71":5,"b:71:20:71:45:71:45:71:47":6,"b:78:22:78:51:78:51:78:54":7,"b:83:22:83:51:83:51:83:54":8}}}
,"C:\\Users\\eunic\\OneDrive\\Desktop\\nest-projects\\quote-iq\\frontend\\src\\pages\\LoginPage.tsx": {"path":"C:\\Users\\eunic\\OneDrive\\Desktop\\nest-projects\\quote-iq\\frontend\\src\\pages\\LoginPage.tsx","statementMap":{"0":{"start":{"line":16,"column":16},"end":{"line":16,"column":40}},"1":{"start":{"line":17,"column":19},"end":{"line":17,"column":46}},"2":{"start":{"line":18,"column":16},"end":{"line":18,"column":40}},"3":{"start":{"line":19,"column":10},"end":{"line":19,"column":31}},"4":{"start":{"line":20,"column":19},"end":{"line":20,"column":null}},"5":{"start":{"line":22,"column":18},"end":{"line":29,"column":4}},"6":{"start":{"line":24,"column":6},"end":{"line":24,"column":null}},"7":{"start":{"line":27,"column":6},"end":{"line":27,"column":null}},"8":{"start":{"line":31,"column":8},"end":{"line":34,"column":null}},"9":{"start":{"line":32,"column":4},"end":{"line":32,"column":null}},"10":{"start":{"line":33,"column":4},"end":{"line":33,"column":null}},"11":{"start":{"line":34,"column":4},"end":{"line":34,"column":null}},"12":{"start":{"line":37,"column":2},"end":{"line":111,"column":null}},"13":{"start":{"line":53,"column":31},"end":{"line":53,"column":55}},"14":{"start":{"line":67,"column":31},"end":{"line":67,"column":58}}},"fnMap":{"0":{"name":"LoginPage","decl":{"start":{"line":15,"column":24},"end":{"line":15,"column":36}},"loc":{"start":{"line":15,"column":36},"end":{"line":111,"column":null}},"line":15},"1":{"name":"(anonymous_1)","decl":{"start":{"line":23,"column":4},"end":{"line":23,"column":18}},"loc":{"start":{"line":23,"column":27},"end":{"line":24,"column":null}},"line":23},"2":{"name":"(anonymous_2)","decl":{"start":{"line":26,"column":4},"end":{"line":26,"column":14}},"loc":{"start":{"line":26,"column":22},"end":{"line":27,"column":null}},"line":26},"3":{"name":"(anonymous_3)","decl":{"start":{"line":31,"column":8},"end":{"line":31,"column":24}},"loc":{"start":{"line":31,"column":47},"end":{"line":34,"column":null}},"line":31},"4":{"name":"(anonymous_4)","decl":{"start":{"line":53,"column":14},"end":{"line":53,"column":25}},"loc":{"start":{"line":53,"column":31},"end":{"line":53,"column":55}},"line":53},"5":{"name":"(anonymous_5)","decl":{"start":{"line":67,"column":14},"end":{"line":67,"column":25}},"loc":{"start":{"line":67,"column":31},"end":{"line":67,"column":58}},"line":67}},"branchMap":{"0":{"loc":{"start":{"line":74,"column":11},"end":{"line":77,"column":null}},"type":"binary-expr","locations":[{"start":{"line":74,"column":11},"end":{"line":74,"column":null}},{"start":{"line":75,"column":12},"end":{"line":77,"column":null}}],"line":74},"1":{"loc":{"start":{"line":85,"column":13},"end":{"line":85,"column":null}},"type":"cond-expr","locations":[{"start":{"line":85,"column":23},"end":{"line":85,"column":41}},{"start":{"line":85,"column":41},"end":{"line":85,"column":null}}],"line":85},"2":{"loc":{"start":{"line":87,"column":11},"end":{"line":102,"column":null}},"type":"binary-expr","locations":[{"start":{"line":87,"column":11},"end":{"line":87,"column":null}},{"start":{"line":88,"column":12},"end":{"line":102,"column":null}}],"line":87}},"s":{"0":17,"1":17,"2":17,"3":17,"4":17,"5":17,"6":2,"7":1,"8":17,"9":3,"10":3,"11":3,"12":17,"13":3,"14":3},"f":{"0":17,"1":2,"2":1,"3":3,"4":3,"5":3},"b":{"0":[17,1],"1":[3,14],"2":[17,1]},"meta":{"lastBranch":3,"lastFunction":6,"lastStatement":15,"seen":{"f:15:24:15:36":0,"s:16:16:16:40":0,"s:17:19:17:46":1,"s:18:16:18:40":2,"s:19:10:19:31":3,"s:20:19:20:Infinity":4,"s:22:18:29:4":5,"f:23:4:23:18":1,"s:24:6:24:Infinity":6,"f:26:4:26:14":2,"s:27:6:27:Infinity":7,"s:31:8:34:Infinity":8,"f:31:8:31:24":3,"s:32:4:32:Infinity":9,"s:33:4:33:Infinity":10,"s:34:4:34:Infinity":11,"s:37:2:111:Infinity":12,"f:53:14:53:25":4,"s:53:31:53:55":13,"f:67:14:67:25":5,"s:67:31:67:58":14,"b:74:11:74:Infinity:75:12:77:Infinity":0,"b:85:23:85:41:85:41:85:Infinity":1,"b:87:11:87:Infinity:88:12:102:Infinity":2}}}
,"C:\\Users\\eunic\\OneDrive\\Desktop\\nest-projects\\quote-iq\\frontend\\src\\pages\\QuotationDetailPage.tsx": {"path":"C:\\Users\\eunic\\OneDrive\\Desktop\\nest-projects\\quote-iq\\frontend\\src\\pages\\QuotationDetailPage.tsx","statementMap":{"0":{"start":{"line":40,"column":46},"end":{"line":46,"column":null}},"1":{"start":{"line":54,"column":25},"end":{"line":56,"column":null}},"2":{"start":{"line":59,"column":2},"end":{"line":63,"column":null}},"3":{"start":{"line":60,"column":4},"end":{"line":63,"column":null}},"4":{"start":{"line":66,"column":2},"end":{"line":70,"column":null}},"5":{"start":{"line":67,"column":4},"end":{"line":70,"column":null}},"6":{"start":{"line":73,"column":12},"end":{"line":73,"column":null}},"7":{"start":{"line":74,"column":2},"end":{"line":74,"column":null}},"8":{"start":{"line":74,"column":10},"end":{"line":74,"column":null}},"9":{"start":{"line":76,"column":2},"end":{"line":233,"column":null}},"10":{"start":{"line":123,"column":34},"end":{"line":123,"column":60}},"11":{"start":{"line":125,"column":20},"end":{"line":138,"column":null}}},"fnMap":{"0":{"name":"QuotationDetailPage","decl":{"start":{"line":53,"column":24},"end":{"line":53,"column":44}},"loc":{"start":{"line":53,"column":77},"end":{"line":233,"column":null}},"line":53},"1":{"name":"(anonymous_1)","decl":{"start":{"line":123,"column":19},"end":{"line":123,"column":25}},"loc":{"start":{"line":123,"column":34},"end":{"line":123,"column":60}},"line":123},"2":{"name":"(anonymous_2)","decl":{"start":{"line":124,"column":19},"end":{"line":124,"column":24}},"loc":{"start":{"line":125,"column":20},"end":{"line":138,"column":null}},"line":125}},"branchMap":{"0":{"loc":{"start":{"line":59,"column":2},"end":{"line":63,"column":null}},"type":"if","locations":[{"start":{"line":59,"column":2},"end":{"line":63,"column":null}},{"start":{},"end":{}}],"line":59},"1":{"loc":{"start":{"line":66,"column":2},"end":{"line":70,"column":null}},"type":"if","locations":[{"start":{"line":66,"column":2},"end":{"line":70,"column":null}},{"start":{},"end":{}}],"line":66},"2":{"loc":{"start":{"line":74,"column":2},"end":{"line":74,"column":null}},"type":"if","locations":[{"start":{"line":74,"column":2},"end":{"line":74,"column":null}},{"start":{},"end":{}}],"line":74},"3":{"loc":{"start":{"line":89,"column":79},"end":{"line":89,"column":null}},"type":"binary-expr","locations":[{"start":{"line":89,"column":79},"end":{"line":89,"column":106}},{"start":{"line":89,"column":106},"end":{"line":89,"column":null}}],"line":89},"4":{"loc":{"start":{"line":161,"column":11},"end":{"line":164,"column":null}},"type":"binary-expr","locations":[{"start":{"line":161,"column":11},"end":{"line":161,"column":null}},{"start":{"line":162,"column":12},"end":{"line":164,"column":null}}],"line":161},"5":{"loc":{"start":{"line":187,"column":15},"end":{"line":193,"column":null}},"type":"binary-expr","locations":[{"start":{"line":187,"column":15},"end":{"line":187,"column":null}},{"start":{"line":188,"column":16},"end":{"line":193,"column":null}}],"line":187},"6":{"loc":{"start":{"line":218,"column":16},"end":{"line":226,"column":null}},"type":"binary-expr","locations":[{"start":{"line":218,"column":16},"end":{"line":218,"column":33}},{"start":{"line":218,"column":33},"end":{"line":218,"column":null}},{"start":{"line":219,"column":16},"end":{"line":226,"column":null}}],"line":218}},"s":{"0":1,"1":17,"2":17,"3":9,"4":8,"5":8,"6":7,"7":17,"8":0,"9":7,"10":7,"11":14},"f":{"0":17,"1":7,"2":14},"b":{"0":[9,8],"1":[1,7],"2":[0,17],"3":[7,0],"4":[17,7],"5":[17,0],"6":[17,0,7]},"meta":{"lastBranch":7,"lastFunction":3,"lastStatement":12,"seen":{"s:40:46:46:Infinity":0,"f:53:24:53:44":0,"s:54:25:56:Infinity":1,"b:59:2:63:Infinity:undefined:undefined:undefined:undefined":0,"s:59:2:63:Infinity":2,"s:60:4:63:Infinity":3,"b:66:2:70:Infinity:undefined:undefined:undefined:undefined":1,"s:66:2:70:Infinity":4,"s:67:4:70:Infinity":5,"s:73:12:73:Infinity":6,"b:74:2:74:Infinity:undefined:undefined:undefined:undefined":2,"s:74:2:74:Infinity":7,"s:74:10:74:Infinity":8,"s:76:2:233:Infinity":9,"b:89:79:89:106:89:106:89:Infinity":3,"f:123:19:123:25":1,"s:123:34:123:60":10,"f:124:19:124:24":2,"s:125:20:138:Infinity":11,"b:161:11:161:Infinity:162:12:164:Infinity":4,"b:187:15:187:Infinity:188:16:193:Infinity":5,"b:218:16:218:33:218:33:218:Infinity:219:16:226:Infinity":6}}}
,"C:\\Users\\eunic\\OneDrive\\Desktop\\nest-projects\\quote-iq\\frontend\\src\\pages\\QuotationsPage.tsx": {"path":"C:\\Users\\eunic\\OneDrive\\Desktop\\nest-projects\\quote-iq\\frontend\\src\\pages\\QuotationsPage.tsx","statementMap":{"0":{"start":{"line":19,"column":46},"end":{"line":25,"column":null}},"1":{"start":{"line":28,"column":25},"end":{"line":29,"column":null}},"2":{"start":{"line":32,"column":2},"end":{"line":36,"column":null}},"3":{"start":{"line":33,"column":4},"end":{"line":36,"column":null}},"4":{"start":{"line":39,"column":2},"end":{"line":43,"column":null}},"5":{"start":{"line":40,"column":4},"end":{"line":43,"column":null}},"6":{"start":{"line":46,"column":21},"end":{"line":46,"column":43}},"7":{"start":{"line":48,"column":2},"end":{"line":122,"column":null}},"8":{"start":{"line":86,"column":16},"end":{"line":116,"column":null}},"9":{"start":{"line":88,"column":33},"end":{"line":88,"column":47}}},"fnMap":{"0":{"name":"QuotationsPage","decl":{"start":{"line":27,"column":24},"end":{"line":27,"column":39}},"loc":{"start":{"line":27,"column":60},"end":{"line":122,"column":null}},"line":27},"1":{"name":"(anonymous_1)","decl":{"start":{"line":85,"column":26},"end":{"line":85,"column":31}},"loc":{"start":{"line":86,"column":16},"end":{"line":116,"column":null}},"line":86},"2":{"name":"(anonymous_2)","decl":{"start":{"line":88,"column":18},"end":{"line":88,"column":33}},"loc":{"start":{"line":88,"column":33},"end":{"line":88,"column":47}},"line":88}},"branchMap":{"0":{"loc":{"start":{"line":32,"column":2},"end":{"line":36,"column":null}},"type":"if","locations":[{"start":{"line":32,"column":2},"end":{"line":36,"column":null}},{"start":{},"end":{}}],"line":32},"1":{"loc":{"start":{"line":39,"column":2},"end":{"line":43,"column":null}},"type":"if","locations":[{"start":{"line":39,"column":2},"end":{"line":43,"column":null}},{"start":{},"end":{}}],"line":39},"2":{"loc":{"start":{"line":46,"column":21},"end":{"line":46,"column":43}},"type":"binary-expr","locations":[{"start":{"line":46,"column":21},"end":{"line":46,"column":41}},{"start":{"line":46,"column":41},"end":{"line":46,"column":43}}],"line":46},"3":{"loc":{"start":{"line":55,"column":7},"end":{"line":122,"column":null}},"type":"cond-expr","locations":[{"start":{"line":56,"column":8},"end":{"line":60,"column":9}},{"start":{"line":60,"column":8},"end":{"line":122,"column":null}}],"line":55},"4":{"loc":{"start":{"line":105,"column":91},"end":{"line":105,"column":null}},"type":"binary-expr","locations":[{"start":{"line":105,"column":91},"end":{"line":105,"column":118}},{"start":{"line":105,"column":118},"end":{"line":105,"column":null}}],"line":105}},"s":{"0":1,"1":17,"2":17,"3":9,"4":8,"5":8,"6":7,"7":17,"8":12,"9":1},"f":{"0":17,"1":12,"2":1},"b":{"0":[9,8],"1":[1,7],"2":[7,0],"3":[1,6],"4":[12,0]},"meta":{"lastBranch":5,"lastFunction":3,"lastStatement":10,"seen":{"s:19:46:25:Infinity":0,"f:27:24:27:39":0,"s:28:25:29:Infinity":1,"b:32:2:36:Infinity:undefined:undefined:undefined:undefined":0,"s:32:2:36:Infinity":2,"s:33:4:36:Infinity":3,"b:39:2:43:Infinity:undefined:undefined:undefined:undefined":1,"s:39:2:43:Infinity":4,"s:40:4:43:Infinity":5,"s:46:21:46:43":6,"b:46:21:46:41:46:41:46:43":2,"s:48:2:122:Infinity":7,"b:56:8:60:9:60:8:122:Infinity":3,"f:85:26:85:31":1,"s:86:16:116:Infinity":8,"f:88:18:88:33":2,"s:88:33:88:47":9,"b:105:91:105:118:105:118:105:Infinity":4}}}
}
